2022-04-09 16:38:55,776 INFO org.springframework.boot.StartupInfoLogger [main] Starting BhutApiApplicationTests using Java 11.0.14.1 on QBEX-H61H2-M2 with PID 5185 (started by johnes in /home/johnes/NetBeansProjects/BHUT-API-main)
2022-04-09 16:38:55,778 INFO org.springframework.boot.SpringApplication [main] No active profile set, falling back to 1 default profile: "default"
2022-04-09 16:38:57,613 INFO org.springframework.boot.StartupInfoLogger [main] Started BhutApiApplicationTests in 2.482 seconds (JVM running for 3.772)
2022-04-09 16:39:49,554 INFO org.springframework.boot.StartupInfoLogger [main] Starting BhutApiApplicationTests using Java 11.0.14.1 on QBEX-H61H2-M2 with PID 5400 (started by johnes in /home/johnes/NetBeansProjects/BHUT-API-main)
2022-04-09 16:39:49,556 INFO org.springframework.boot.SpringApplication [main] No active profile set, falling back to 1 default profile: "default"
2022-04-09 16:39:50,954 INFO org.springframework.boot.StartupInfoLogger [main] Started BhutApiApplicationTests in 1.8 seconds (JVM running for 2.682)
2022-04-09 16:40:25,301 INFO org.springframework.boot.StartupInfoLogger [main] Starting BhutApiApplication using Java 11.0.14.1 on QBEX-H61H2-M2 with PID 5544 (/home/johnes/NetBeansProjects/BHUT-API-main/target/classes started by johnes in /home/johnes/NetBeansProjects/BHUT-API-main)
2022-04-09 16:40:25,304 INFO org.springframework.boot.SpringApplication [main] No active profile set, falling back to 1 default profile: "default"
2022-04-09 16:40:26,234 INFO org.springframework.boot.web.embedded.tomcat.TomcatWebServer [main] Tomcat initialized with port(s): 8080 (http)
2022-04-09 16:40:26,245 INFO org.apache.juli.logging.DirectJDKLog [main] Initializing ProtocolHandler ["http-nio-8080"]
2022-04-09 16:40:26,245 INFO org.apache.juli.logging.DirectJDKLog [main] Starting service [Tomcat]
2022-04-09 16:40:26,246 INFO org.apache.juli.logging.DirectJDKLog [main] Starting Servlet engine: [Apache Tomcat/9.0.60]
2022-04-09 16:40:26,346 INFO org.apache.juli.logging.DirectJDKLog [main] Initializing Spring embedded WebApplicationContext
2022-04-09 16:40:26,347 INFO org.springframework.boot.web.servlet.context.ServletWebServerApplicationContext [main] Root WebApplicationContext: initialization completed in 1000 ms
2022-04-09 16:40:26,757 INFO org.apache.juli.logging.DirectJDKLog [main] Starting ProtocolHandler ["http-nio-8080"]
2022-04-09 16:40:26,801 INFO org.springframework.boot.web.embedded.tomcat.TomcatWebServer [main] Tomcat started on port(s): 8080 (http) with context path ''
2022-04-09 16:40:26,811 INFO org.springframework.boot.StartupInfoLogger [main] Started BhutApiApplication in 2.039 seconds (JVM running for 2.363)
2022-04-09 16:43:02,198 INFO org.apache.juli.logging.DirectJDKLog [http-nio-8080-exec-1] Initializing Spring DispatcherServlet 'dispatcherServlet'
2022-04-09 16:43:02,199 INFO org.springframework.web.servlet.FrameworkServlet [http-nio-8080-exec-1] Initializing Servlet 'dispatcherServlet'
2022-04-09 16:43:02,201 INFO org.springframework.web.servlet.FrameworkServlet [http-nio-8080-exec-1] Completed initialization in 1 ms
